87521 config: MoHex v2.0.CMake Oct 24 2024.
87521 config: ============ InitializeSystem ============
87521 config: BenzeneProgram::InitRandom()
87521 config: Seed = 663177
36a21 info: Prior Patterns:
36a21 info: Global:
36a21 info: Size            = 565 32648 
36a21 info: TableEntries    = 65932 65910
36a21 info: MirrorsAdded    = 0 0
36a21 info: PrunableCount   = 30593 30629
36a21 info: LargestGamma    = 5820.77
36a21 info: SmallestGamma   = 6.6e-05
36a21 info: Local:
36a21 info: Size            = 550 5318 
36a21 info: TableEntries    = 11602 11588
36a21 info: MirrorsAdded    = 0 0
36a21 info: PrunableCount   = 3659 3667
36a21 info: LargestGamma    = 11281.8
36a21 info: SmallestGamma   = 0.026235
36a21 info: Playout Patterns:
36a21 info: Global:
